<?xml version="1.0" encoding="UTF-8"?>
<testng-results skipped="0" failed="0" ignored="0" total="1" passed="1">
  <reporter-output>
  </reporter-output>
  <suite name="Surefire suite" duration-ms="62" started-at="2020-06-21T18:45:22Z" finished-at="2020-06-21T18:45:22Z">
    <groups>
    </groups>
    <test name="Surefire test" duration-ms="62" started-at="2020-06-21T18:45:22Z" finished-at="2020-06-21T18:45:22Z">
      <class name="com.techfiosaddcategory.TestNg.AppTest">
        <test-method status="PASS" signature="shouldAnswerWithTrue()" name="shouldAnswerWithTrue" duration-ms="6" started-at="2020-06-21T13:45:22Z" finished-at="2020-06-21T13:45:22Z">
          <reporter-output>
          </reporter-output>
        </test-method> <!-- shouldAnswerWithTrue -->
      </class> <!-- com.techfiosaddcategory.TestNg.AppTest -->
    </test> <!-- Surefire test -->
  </suite> <!-- Surefire suite -->
</testng-results>
